[0510/215718.582:WARNING:spdy_session.cc(3365)] Received HEADERS for invalid stream 5
[0510/215740.732:INFO:CONSOLE(99)] "You must enable Billing on the Google Cloud Project at https://console.cloud.google.com/project/_/billing/enable Learn more at https://developers.google.com/maps/gmp-get-started", source: https://maps.googleapis.com/maps/api/js?key=AIzaSyD3GgFpAwKTASktfV7WMlj24DxGa39Ztdo&callback=initMap (99)
[0510/215740.809:WARNING:spdy_session.cc(3365)] Received HEADERS for invalid stream 31
[0510/220337.820:WARNING:spdy_session.cc(3365)] Received HEADERS for invalid stream 3
[0510/220337.992:WARNING:spdy_session.cc(3365)] Received HEADERS for invalid stream 5
[0510/220338.082:WARNING:spdy_session.cc(3365)] Received HEADERS for invalid stream 7
[0510/220338.123:WARNING:spdy_session.cc(3365)] Received HEADERS for invalid stream 9
[0510/220340.363:WARNING:spdy_session.cc(3365)] Received HEADERS for invalid stream 35
[0510/220343.213:WARNING:spdy_session.cc(3365)] Received HEADERS for invalid stream 45
[0510/221449.552:WARNING:spdy_session.cc(3365)] Received HEADERS for invalid stream 17
[0510/221449.796:WARNING:spdy_session.cc(3365)] Received HEADERS for invalid stream 19
[0510/221452.419:INFO:CONSOLE(99)] "You must enable Billing on the Google Cloud Project at https://console.cloud.google.com/project/_/billing/enable Learn more at https://developers.google.com/maps/gmp-get-started", source: https://maps.googleapis.com/maps/api/js?key=AIzaSyD3GgFpAwKTASktfV7WMlj24DxGa39Ztdo&callback=initMap (99)
[0510/221453.251:WARNING:spdy_session.cc(3365)] Received HEADERS for invalid stream 7
[0510/223720.805:INFO:CONSOLE(99)] "You must enable Billing on the Google Cloud Project at https://console.cloud.google.com/project/_/billing/enable Learn more at https://developers.google.com/maps/gmp-get-started", source: https://maps.googleapis.com/maps/api/js?key=AIzaSyD5fI9G6HJRyIxMngqOz6M24sVVGDHxUrs&callback=initMap (99)
[0510/223728.313:INFO:CONSOLE(22)] "Here I am !!!", source: https://cn1app/streams/1 (22)
[0511/015428.651:INFO:CONSOLE(99)] "You must enable Billing on the Google Cloud Project at https://console.cloud.google.com/project/_/billing/enable Learn more at https://developers.google.com/maps/gmp-get-started", source: https://maps.googleapis.com/maps/api/js?key=AIzaSyD5fI9G6HJRyIxMngqOz6M24sVVGDHxUrs&callback=initMap (99)
[0511/015429.584:WARNING:spdy_session.cc(3365)] Received HEADERS for invalid stream 5
[0511/015434.843:INFO:CONSOLE(22)] "Here I am !!!", source: https://cn1app/streams/1 (22)
[0511/022805.447:INFO:CONSOLE(99)] "You must enable Billing on the Google Cloud Project at https://console.cloud.google.com/project/_/billing/enable Learn more at https://developers.google.com/maps/gmp-get-started", source: https://maps.googleapis.com/maps/api/js?key=AIzaSyD5fI9G6HJRyIxMngqOz6M24sVVGDHxUrs&callback=initMap (99)
[0511/022806.323:WARNING:spdy_session.cc(3365)] Received HEADERS for invalid stream 5
[0511/022811.114:INFO:CONSOLE(22)] "Here I am !!!", source: https://cn1app/streams/1 (22)
[0511/202526.552:WARNING:dns_config_service_win.cc(700)] Failed to read DnsConfig.
[0511/202527.188:WARNING:dns_config_service_win.cc(700)] Failed to read DnsConfig.
[0511/202531.577:WARNING:dns_config_service_win.cc(700)] Failed to read DnsConfig.
[0511/202532.203:WARNING:dns_config_service_win.cc(700)] Failed to read DnsConfig.
[0511/202538.022:INFO:CONSOLE(22)] "Here I am !!!", source: https://cn1app/streams/1 (22)
[0511/202614.057:INFO:CONSOLE(99)] "You must enable Billing on the Google Cloud Project at https://console.cloud.google.com/project/_/billing/enable Learn more at https://developers.google.com/maps/gmp-get-started", source: https://maps.googleapis.com/maps/api/js?key=AIzaSyD5fI9G6HJRyIxMngqOz6M24sVVGDHxUrs&callback=initMap (99)
[0511/202621.712:INFO:CONSOLE(22)] "Here I am !!!", source: https://cn1app/streams/1 (22)
[0512/095218.173:INFO:CONSOLE(99)] "You must enable Billing on the Google Cloud Project at https://console.cloud.google.com/project/_/billing/enable Learn more at https://developers.google.com/maps/gmp-get-started", source: https://maps.googleapis.com/maps/api/js?key=AIzaSyD5fI9G6HJRyIxMngqOz6M24sVVGDHxUrs&callback=initMap (99)
[0512/095219.191:WARNING:spdy_session.cc(3365)] Received HEADERS for invalid stream 5
